<?xml version="1.0" encoding="UTF-8"?>
<!-- Generated by org.testng.reporters.JUnitXMLReporter -->
<testsuite ignored="0" hostname="DESKTOP-6QT6AUG" failures="0" tests="4" name="Default test" time="0.062" errors="0" timestamp="2024-06-12T16:30:58 IST">
  <testcase classname="com.alphabet.gmail.TestNG.TC006" name="createCustomer" time="0.006"/>
  <testcase classname="com.alphabet.gmail.TestNG.TC006" name="createProject" time="0.001"/>
  <testcase classname="com.alphabet.gmail.TestNG.TC006" name="deleteCustomer" time="0.001"/>
  <testcase classname="com.alphabet.gmail.TestNG.TC006" name="deleteProject" time="0.001"/>
</testsuite> <!-- Default test -->
