<?xml version="1.0" encoding="UTF-8"?>
<testng-results ignored="0" total="2" passed="2" failed="0" skipped="0">
  <reporter-output>
  </reporter-output>
  <suite started-at="2024-06-12T16:57:27 IST" name="Suite" finished-at="2024-06-12T16:57:33 IST" duration-ms="6021">
    <groups>
    </groups>
    <test started-at="2024-06-12T16:57:27 IST" name="Test2" finished-at="2024-06-12T16:57:31 IST" duration-ms="3836">
      <class name="com.alphabet.gmail.TestNG.TC011">
        <test-method signature="test2()[pri:0, instance:com.alphabet.gmail.TestNG.TC011@7a419da4]" started-at="2024-06-12T16:57:27 IST" name="test2" finished-at="2024-06-12T16:57:31 IST" duration-ms="3784" status="PASS">
          <reporter-output>
          </reporter-output>
        </test-method> <!-- test2 -->
      </class> <!-- com.alphabet.gmail.TestNG.TC011 -->
    </test> <!-- Test2 -->
    <test started-at="2024-06-12T16:57:27 IST" name="Test1" finished-at="2024-06-12T16:57:33 IST" duration-ms="6021">
      <class name="com.alphabet.gmail.TestNG.TC010">
        <test-method signature="test1()[pri:0, instance:com.alphabet.gmail.TestNG.TC010@6a370f4]" started-at="2024-06-12T16:57:27 IST" name="test1" finished-at="2024-06-12T16:57:33 IST" duration-ms="5972" status="PASS">
          <reporter-output>
          </reporter-output>
        </test-method> <!-- test1 -->
      </class> <!-- com.alphabet.gmail.TestNG.TC010 -->
    </test> <!-- Test1 -->
  </suite> <!-- Suite -->
</testng-results>
